1744286893.609440 client started (4043867): version 3.4, socket /tmp/tmux-1000/default, protocol 8
1744286893.609491 on Linux 6.8.0-57-generic #59-Ubuntu SMP PREEMPT_DYNAMIC Sat Mar 15 17:40:59 UTC 2025
1744286893.609500 using libevent 2.1.12-stable poll
1744286893.609507 using ncurses 6.4 20240113
1744286893.609532 flags are 0x18010000
1744286893.610227 socket is /tmp/tmux-1000/default
1744286893.610298 trying connect
1744286893.610348 connect failed: No such file or directory
1744286893.610371 lock file is /tmp/tmux-1000/default.lock
1744286893.610437 flock succeeded
1744286893.610447 got lock (6)
1744286893.610462 trying connect
1744286893.610479 connect failed: No such file or directory
1744286893.611057 add peer 0x55fe7513d8e0: 7 ((nil))
1744286893.612292 sending message 100 to peer 0x55fe7513d8e0 (4 bytes)
1744286893.612333 sending message 111 to peer 0x55fe7513d8e0 (8 bytes)
1744286893.612341 sending message 101 to peer 0x55fe7513d8e0 (14 bytes)
1744286893.612349 sending message 109 to peer 0x55fe7513d8e0 (4 bytes)
1744286893.612357 sending message 102 to peer 0x55fe7513d8e0 (12 bytes)
1744286893.612365 sending message 108 to peer 0x55fe7513d8e0 (31 bytes)
1744286893.612371 sending message 112 to peer 0x55fe7513d8e0 (70 bytes)
1744286893.612380 sending message 112 to peer 0x55fe7513d8e0 (5 bytes)
1744286893.612386 sending message 112 to peer 0x55fe7513d8e0 (5 bytes)
1744286893.612393 sending message 112 to peer 0x55fe7513d8e0 (6 bytes)
1744286893.612400 sending message 112 to peer 0x55fe7513d8e0 (6 bytes)
1744286893.612407 sending message 112 to peer 0x55fe7513d8e0 (11 bytes)
1744286893.612412 sending message 112 to peer 0x55fe7513d8e0 (10 bytes)
1744286893.612419 sending message 112 to peer 0x55fe7513d8e0 (13 bytes)
1744286893.612425 sending message 112 to peer 0x55fe7513d8e0 (14 bytes)
1744286893.612432 sending message 112 to peer 0x55fe7513d8e0 (9 bytes)
1744286893.612439 sending message 112 to peer 0x55fe7513d8e0 (21 bytes)
1744286893.612446 sending message 112 to peer 0x55fe7513d8e0 (19 bytes)
1744286893.612453 sending message 112 to peer 0x55fe7513d8e0 (11 bytes)
1744286893.612460 sending message 112 to peer 0x55fe7513d8e0 (21 bytes)
1744286893.612466 sending message 112 to peer 0x55fe7513d8e0 (13 bytes)
1744286893.612473 sending message 112 to peer 0x55fe7513d8e0 (7 bytes)
1744286893.612480 sending message 112 to peer 0x55fe7513d8e0 (13 bytes)
1744286893.612486 sending message 112 to peer 0x55fe7513d8e0 (7 bytes)
1744286893.612496 sending message 112 to peer 0x55fe7513d8e0 (13 bytes)
1744286893.612503 sending message 112 to peer 0x55fe7513d8e0 (9 bytes)
1744286893.612509 sending message 112 to peer 0x55fe7513d8e0 (21 bytes)
1744286893.612516 sending message 112 to peer 0x55fe7513d8e0 (13 bytes)
1744286893.612523 sending message 112 to peer 0x55fe7513d8e0 (9 bytes)
1744286893.612529 sending message 112 to peer 0x55fe7513d8e0 (16 bytes)
1744286893.612536 sending message 112 to peer 0x55fe7513d8e0 (13 bytes)
1744286893.612543 sending message 112 to peer 0x55fe7513d8e0 (9 bytes)
1744286893.612549 sending message 112 to peer 0x55fe7513d8e0 (9 bytes)
1744286893.612556 sending message 112 to peer 0x55fe7513d8e0 (12 bytes)
1744286893.612563 sending message 112 to peer 0x55fe7513d8e0 (8 bytes)
1744286893.612569 sending message 112 to peer 0x55fe7513d8e0 (12 bytes)
1744286893.612576 sending message 112 to peer 0x55fe7513d8e0 (8 bytes)
1744286893.612583 sending message 112 to peer 0x55fe7513d8e0 (13 bytes)
1744286893.612589 sending message 112 to peer 0x55fe7513d8e0 (7 bytes)
1744286893.612596 sending message 112 to peer 0x55fe7513d8e0 (7 bytes)
1744286893.612602 sending message 112 to peer 0x55fe7513d8e0 (9 bytes)
1744286893.612609 sending message 112 to peer 0x55fe7513d8e0 (12 bytes)
1744286893.612616 sending message 112 to peer 0x55fe7513d8e0 (6 bytes)
1744286893.612622 sending message 112 to peer 0x55fe7513d8e0 (9 bytes)
1744286893.612629 sending message 112 to peer 0x55fe7513d8e0 (15 bytes)
1744286893.612635 sending message 112 to peer 0x55fe7513d8e0 (13 bytes)
1744286893.612642 sending message 112 to peer 0x55fe7513d8e0 (9 bytes)
1744286893.612662 sending message 112 to peer 0x55fe7513d8e0 (12 bytes)
1744286893.612669 sending message 112 to peer 0x55fe7513d8e0 (8 bytes)
1744286893.612675 sending message 112 to peer 0x55fe7513d8e0 (14 bytes)
1744286893.612684 sending message 112 to peer 0x55fe7513d8e0 (11 bytes)
1744286893.612711 sending message 112 to peer 0x55fe7513d8e0 (9 bytes)
1744286893.612725 sending message 112 to peer 0x55fe7513d8e0 (10 bytes)
1744286893.612732 sending message 112 to peer 0x55fe7513d8e0 (10 bytes)
1744286893.612738 sending message 112 to peer 0x55fe7513d8e0 (10 bytes)
1744286893.612745 sending message 112 to peer 0x55fe7513d8e0 (10 bytes)
1744286893.612751 sending message 112 to peer 0x55fe7513d8e0 (11 bytes)
1744286893.612758 sending message 112 to peer 0x55fe7513d8e0 (12 bytes)
1744286893.612764 sending message 112 to peer 0x55fe7513d8e0 (12 bytes)
1744286893.612771 sending message 112 to peer 0x55fe7513d8e0 (12 bytes)
1744286893.612778 sending message 112 to peer 0x55fe7513d8e0 (12 bytes)
1744286893.612785 sending message 112 to peer 0x55fe7513d8e0 (12 bytes)
1744286893.612792 sending message 112 to peer 0x55fe7513d8e0 (11 bytes)
1744286893.612799 sending message 112 to peer 0x55fe7513d8e0 (11 bytes)
1744286893.612805 sending message 112 to peer 0x55fe7513d8e0 (12 bytes)
1744286893.612812 sending message 112 to peer 0x55fe7513d8e0 (12 bytes)
1744286893.612819 sending message 112 to peer 0x55fe7513d8e0 (12 bytes)
1744286893.612826 sending message 112 to peer 0x55fe7513d8e0 (12 bytes)
1744286893.612833 sending message 112 to peer 0x55fe7513d8e0 (12 bytes)
1744286893.612839 sending message 112 to peer 0x55fe7513d8e0 (9 bytes)
1744286893.612847 sending message 112 to peer 0x55fe7513d8e0 (12 bytes)
1744286893.612853 sending message 112 to peer 0x55fe7513d8e0 (13 bytes)
1744286893.612859 sending message 112 to peer 0x55fe7513d8e0 (13 bytes)
1744286893.612866 sending message 112 to peer 0x55fe7513d8e0 (13 bytes)
1744286893.612873 sending message 112 to peer 0x55fe7513d8e0 (13 bytes)
1744286893.612879 sending message 112 to peer 0x55fe7513d8e0 (13 bytes)
1744286893.612886 sending message 112 to peer 0x55fe7513d8e0 (8 bytes)
1744286893.612893 sending message 112 to peer 0x55fe7513d8e0 (11 bytes)
1744286893.612899 sending message 112 to peer 0x55fe7513d8e0 (11 bytes)
1744286893.612906 sending message 112 to peer 0x55fe7513d8e0 (11 bytes)
1744286893.612913 sending message 112 to peer 0x55fe7513d8e0 (12 bytes)
1744286893.612920 sending message 112 to peer 0x55fe7513d8e0 (12 bytes)
1744286893.612926 sending message 112 to peer 0x55fe7513d8e0 (12 bytes)
1744286893.612933 sending message 112 to peer 0x55fe7513d8e0 (12 bytes)
1744286893.612940 sending message 112 to peer 0x55fe7513d8e0 (13 bytes)
1744286893.612947 sending message 112 to peer 0x55fe7513d8e0 (13 bytes)
1744286893.612955 sending message 112 to peer 0x55fe7513d8e0 (13 bytes)
1744286893.612962 sending message 112 to peer 0x55fe7513d8e0 (8 bytes)
1744286893.612969 sending message 112 to peer 0x55fe7513d8e0 (13 bytes)
1744286893.612975 sending message 112 to peer 0x55fe7513d8e0 (13 bytes)
1744286893.612982 sending message 112 to peer 0x55fe7513d8e0 (13 bytes)
1744286893.612989 sending message 112 to peer 0x55fe7513d8e0 (13 bytes)
1744286893.612997 sending message 112 to peer 0x55fe7513d8e0 (13 bytes)
1744286893.613005 sending message 112 to peer 0x55fe7513d8e0 (12 bytes)
1744286893.613013 sending message 112 to peer 0x55fe7513d8e0 (12 bytes)
1744286893.613021 sending message 112 to peer 0x55fe7513d8e0 (12 bytes)
1744286893.613028 sending message 112 to peer 0x55fe7513d8e0 (12 bytes)
1744286893.613035 sending message 112 to peer 0x55fe7513d8e0 (13 bytes)
1744286893.613041 sending message 112 to peer 0x55fe7513d8e0 (8 bytes)
1744286893.613050 sending message 112 to peer 0x55fe7513d8e0 (13 bytes)
1744286893.613056 sending message 112 to peer 0x55fe7513d8e0 (13 bytes)
1744286893.613063 sending message 112 to peer 0x55fe7513d8e0 (13 bytes)
1744286893.613070 sending message 112 to peer 0x55fe7513d8e0 (13 bytes)
1744286893.613076 sending message 112 to peer 0x55fe7513d8e0 (13 bytes)
1744286893.613091 sending message 112 to peer 0x55fe7513d8e0 (13 bytes)
1744286893.613098 sending message 112 to peer 0x55fe7513d8e0 (13 bytes)
1744286893.613105 sending message 112 to peer 0x55fe7513d8e0 (12 bytes)
1744286893.613111 sending message 112 to peer 0x55fe7513d8e0 (12 bytes)
1744286893.613118 sending message 112 to peer 0x55fe7513d8e0 (12 bytes)
1744286893.613125 sending message 112 to peer 0x55fe7513d8e0 (8 bytes)
1744286893.613131 sending message 112 to peer 0x55fe7513d8e0 (12 bytes)
1744286893.613138 sending message 112 to peer 0x55fe7513d8e0 (13 bytes)
1744286893.613145 sending message 112 to peer 0x55fe7513d8e0 (13 bytes)
1744286893.613152 sending message 112 to peer 0x55fe7513d8e0 (13 bytes)
1744286893.613159 sending message 112 to peer 0x55fe7513d8e0 (13 bytes)
1744286893.613165 sending message 112 to peer 0x55fe7513d8e0 (13 bytes)
1744286893.613172 sending message 112 to peer 0x55fe7513d8e0 (13 bytes)
1744286893.613179 sending message 112 to peer 0x55fe7513d8e0 (13 bytes)
1744286893.613185 sending message 112 to peer 0x55fe7513d8e0 (13 bytes)
1744286893.613191 sending message 112 to peer 0x55fe7513d8e0 (12 bytes)
1744286893.613197 sending message 112 to peer 0x55fe7513d8e0 (10 bytes)
1744286893.613204 sending message 112 to peer 0x55fe7513d8e0 (12 bytes)
1744286893.613211 sending message 112 to peer 0x55fe7513d8e0 (12 bytes)
1744286893.613219 sending message 112 to peer 0x55fe7513d8e0 (12 bytes)
1744286893.613226 sending message 112 to peer 0x55fe7513d8e0 (13 bytes)
1744286893.613233 sending message 112 to peer 0x55fe7513d8e0 (13 bytes)
1744286893.613239 sending message 112 to peer 0x55fe7513d8e0 (13 bytes)
1744286893.613248 sending message 112 to peer 0x55fe7513d8e0 (13 bytes)
1744286893.613254 sending message 112 to peer 0x55fe7513d8e0 (13 bytes)
1744286893.613261 sending message 112 to peer 0x55fe7513d8e0 (13 bytes)
1744286893.613268 sending message 112 to peer 0x55fe7513d8e0 (13 bytes)
1744286893.613275 sending message 112 to peer 0x55fe7513d8e0 (10 bytes)
1744286893.613281 sending message 112 to peer 0x55fe7513d8e0 (13 bytes)
1744286893.613288 sending message 112 to peer 0x55fe7513d8e0 (12 bytes)
1744286893.613295 sending message 112 to peer 0x55fe7513d8e0 (12 bytes)
1744286893.613301 sending message 112 to peer 0x55fe7513d8e0 (12 bytes)
1744286893.613307 sending message 112 to peer 0x55fe7513d8e0 (10 bytes)
1744286893.613314 sending message 112 to peer 0x55fe7513d8e0 (10 bytes)
1744286893.613322 sending message 112 to peer 0x55fe7513d8e0 (10 bytes)
1744286893.613328 sending message 112 to peer 0x55fe7513d8e0 (12 bytes)
1744286893.613333 sending message 112 to peer 0x55fe7513d8e0 (13 bytes)
1744286893.613340 sending message 112 to peer 0x55fe7513d8e0 (13 bytes)
1744286893.613347 sending message 112 to peer 0x55fe7513d8e0 (13 bytes)
1744286893.613354 sending message 112 to peer 0x55fe7513d8e0 (13 bytes)
1744286893.613360 sending message 112 to peer 0x55fe7513d8e0 (13 bytes)
1744286893.613367 sending message 112 to peer 0x55fe7513d8e0 (10 bytes)
1744286893.613374 sending message 112 to peer 0x55fe7513d8e0 (11 bytes)
1744286893.613381 sending message 112 to peer 0x55fe7513d8e0 (12 bytes)
1744286893.613388 sending message 112 to peer 0x55fe7513d8e0 (12 bytes)
1744286893.613395 sending message 112 to peer 0x55fe7513d8e0 (12 bytes)
1744286893.613402 sending message 112 to peer 0x55fe7513d8e0 (12 bytes)
1744286893.613409 sending message 112 to peer 0x55fe7513d8e0 (12 bytes)
1744286893.613415 sending message 112 to peer 0x55fe7513d8e0 (11 bytes)
1744286893.613422 sending message 112 to peer 0x55fe7513d8e0 (12 bytes)
1744286893.613428 sending message 112 to peer 0x55fe7513d8e0 (12 bytes)
1744286893.613435 sending message 112 to peer 0x55fe7513d8e0 (13 bytes)
1744286893.613443 sending message 112 to peer 0x55fe7513d8e0 (13 bytes)
1744286893.613449 sending message 112 to peer 0x55fe7513d8e0 (13 bytes)
1744286893.613456 sending message 112 to peer 0x55fe7513d8e0 (13 bytes)
1744286893.613463 sending message 112 to peer 0x55fe7513d8e0 (13 bytes)
1744286893.613470 sending message 112 to peer 0x55fe7513d8e0 (10 bytes)
1744286893.613485 sending message 112 to peer 0x55fe7513d8e0 (9 bytes)
1744286893.613492 sending message 112 to peer 0x55fe7513d8e0 (12 bytes)
1744286893.613499 sending message 112 to peer 0x55fe7513d8e0 (13 bytes)
1744286893.613505 sending message 112 to peer 0x55fe7513d8e0 (13 bytes)
1744286893.613512 sending message 112 to peer 0x55fe7513d8e0 (13 bytes)
1744286893.613518 sending message 112 to peer 0x55fe7513d8e0 (13 bytes)
1744286893.613524 sending message 112 to peer 0x55fe7513d8e0 (13 bytes)
1744286893.613531 sending message 112 to peer 0x55fe7513d8e0 (9 bytes)
1744286893.613539 sending message 112 to peer 0x55fe7513d8e0 (12 bytes)
1744286893.613546 sending message 112 to peer 0x55fe7513d8e0 (13 bytes)
1744286893.613552 sending message 112 to peer 0x55fe7513d8e0 (13 bytes)
1744286893.613560 sending message 112 to peer 0x55fe7513d8e0 (13 bytes)
1744286893.613566 sending message 112 to peer 0x55fe7513d8e0 (13 bytes)
1744286893.613572 sending message 112 to peer 0x55fe7513d8e0 (13 bytes)
1744286893.613584 sending message 112 to peer 0x55fe7513d8e0 (11 bytes)
1744286893.613590 sending message 112 to peer 0x55fe7513d8e0 (12 bytes)
1744286893.613597 sending message 112 to peer 0x55fe7513d8e0 (13 bytes)
1744286893.613604 sending message 112 to peer 0x55fe7513d8e0 (13 bytes)
1744286893.613610 sending message 112 to peer 0x55fe7513d8e0 (13 bytes)
1744286893.613616 sending message 112 to peer 0x55fe7513d8e0 (13 bytes)
1744286893.613623 sending message 112 to peer 0x55fe7513d8e0 (13 bytes)
1744286893.613629 sending message 112 to peer 0x55fe7513d8e0 (11 bytes)
1744286893.613636 sending message 112 to peer 0x55fe7513d8e0 (12 bytes)
1744286893.613642 sending message 112 to peer 0x55fe7513d8e0 (12 bytes)
1744286893.613650 sending message 112 to peer 0x55fe7513d8e0 (12 bytes)
1744286893.613657 sending message 112 to peer 0x55fe7513d8e0 (12 bytes)
1744286893.613664 sending message 112 to peer 0x55fe7513d8e0 (12 bytes)
1744286893.613671 sending message 112 to peer 0x55fe7513d8e0 (21 bytes)
1744286893.613677 sending message 112 to peer 0x55fe7513d8e0 (12 bytes)
1744286893.613684 sending message 112 to peer 0x55fe7513d8e0 (9 bytes)
1744286893.613784 sending message 112 to peer 0x55fe7513d8e0 (6 bytes)
1744286893.613795 sending message 112 to peer 0x55fe7513d8e0 (13 bytes)
1744286893.613802 sending message 112 to peer 0x55fe7513d8e0 (10 bytes)
1744286893.613807 sending message 112 to peer 0x55fe7513d8e0 (15 bytes)
1744286893.613815 sending message 112 to peer 0x55fe7513d8e0 (13 bytes)
1744286893.613821 sending message 112 to peer 0x55fe7513d8e0 (9 bytes)
1744286893.613827 sending message 112 to peer 0x55fe7513d8e0 (70 bytes)
1744286893.613833 sending message 112 to peer 0x55fe7513d8e0 (69 bytes)
1744286893.613841 sending message 112 to peer 0x55fe7513d8e0 (34 bytes)
1744286893.613847 sending message 112 to peer 0x55fe7513d8e0 (34 bytes)
1744286893.613853 sending message 112 to peer 0x55fe7513d8e0 (70 bytes)
1744286893.613860 sending message 112 to peer 0x55fe7513d8e0 (12 bytes)
1744286893.613868 sending message 112 to peer 0x55fe7513d8e0 (10 bytes)
1744286893.613875 sending message 112 to peer 0x55fe7513d8e0 (10 bytes)
1744286893.613881 sending message 112 to peer 0x55fe7513d8e0 (15 bytes)
1744286893.613888 sending message 112 to peer 0x55fe7513d8e0 (13 bytes)
1744286893.613895 sending message 112 to peer 0x55fe7513d8e0 (10 bytes)
1744286893.613900 sending message 112 to peer 0x55fe7513d8e0 (10 bytes)
1744286893.613907 sending message 112 to peer 0x55fe7513d8e0 (17 bytes)
1744286893.613913 sending message 112 to peer 0x55fe7513d8e0 (10 bytes)
1744286893.613921 sending message 112 to peer 0x55fe7513d8e0 (13 bytes)
1744286893.613928 sending message 112 to peer 0x55fe7513d8e0 (32 bytes)
1744286893.613935 sending message 112 to peer 0x55fe7513d8e0 (5 bytes)
1744286893.613941 sending message 112 to peer 0x55fe7513d8e0 (9 bytes)
1744286893.613948 sending message 112 to peer 0x55fe7513d8e0 (15 bytes)
1744286893.613954 sending message 112 to peer 0x55fe7513d8e0 (5 bytes)
1744286893.613963 sending message 104 to peer 0x55fe7513d8e0 (0 bytes)
1744286893.613981 sending message 110 to peer 0x55fe7513d8e0 (0 bytes)
1744286893.613988 sending message 107 to peer 0x55fe7513d8e0 (4 bytes)
1744286893.613998 sending message 105 to peer 0x55fe7513d8e0 (33 bytes)
1744286893.614005 sending message 105 to peer 0x55fe7513d8e0 (18 bytes)
1744286893.614012 sending message 105 to peer 0x55fe7513d8e0 (10 bytes)
1744286893.614019 sending message 105 to peer 0x55fe7513d8e0 (58 bytes)
1744286893.614025 sending message 105 to peer 0x55fe7513d8e0 (15 bytes)
1744286893.614033 sending message 105 to peer 0x55fe7513d8e0 (21 bytes)
1744286893.614040 sending message 105 to peer 0x55fe7513d8e0 (8 bytes)
1744286893.614047 sending message 105 to peer 0x55fe7513d8e0 (16 bytes)
1744286893.614054 sending message 105 to peer 0x55fe7513d8e0 (46 bytes)
1744286893.614061 sending message 105 to peer 0x55fe7513d8e0 (27 bytes)
1744286893.614067 sending message 105 to peer 0x55fe7513d8e0 (25 bytes)
1744286893.614073 sending message 105 to peer 0x55fe7513d8e0 (63 bytes)
1744286893.614079 sending message 105 to peer 0x55fe7513d8e0 (28 bytes)
1744286893.614086 sending message 105 to peer 0x55fe7513d8e0 (52 bytes)
1744286893.614092 sending message 105 to peer 0x55fe7513d8e0 (23 bytes)
1744286893.614099 sending message 105 to peer 0x55fe7513d8e0 (54 bytes)
1744286893.614107 sending message 105 to peer 0x55fe7513d8e0 (37 bytes)
1744286893.614114 sending message 105 to peer 0x55fe7513d8e0 (20 bytes)
1744286893.614120 sending message 105 to peer 0x55fe7513d8e0 (20 bytes)
1744286893.614127 sending message 105 to peer 0x55fe7513d8e0 (13 bytes)
1744286893.614133 sending message 105 to peer 0x55fe7513d8e0 (19 bytes)
1744286893.614140 sending message 105 to peer 0x55fe7513d8e0 (23 bytes)
1744286893.614147 sending message 105 to peer 0x55fe7513d8e0 (36 bytes)
1744286893.614154 sending message 105 to peer 0x55fe7513d8e0 (18 bytes)
1744286893.614160 sending message 105 to peer 0x55fe7513d8e0 (19 bytes)
1744286893.614167 sending message 105 to peer 0x55fe7513d8e0 (44 bytes)
1744286893.614174 sending message 105 to peer 0x55fe7513d8e0 (224 bytes)
1744286893.614181 sending message 105 to peer 0x55fe7513d8e0 (15 bytes)
1744286893.614188 sending message 105 to peer 0x55fe7513d8e0 (116 bytes)
1744286893.614194 sending message 105 to peer 0x55fe7513d8e0 (30 bytes)
1744286893.614201 sending message 105 to peer 0x55fe7513d8e0 (83 bytes)
1744286893.614208 sending message 105 to peer 0x55fe7513d8e0 (58 bytes)
1744286893.614215 sending message 105 to peer 0x55fe7513d8e0 (31 bytes)
1744286893.614221 sending message 105 to peer 0x55fe7513d8e0 (11 bytes)
1744286893.614230 sending message 105 to peer 0x55fe7513d8e0 (11 bytes)
1744286893.614238 sending message 105 to peer 0x55fe7513d8e0 (31 bytes)
1744286893.614245 sending message 105 to peer 0x55fe7513d8e0 (34 bytes)
1744286893.614250 sending message 105 to peer 0x55fe7513d8e0 (21 bytes)
1744286893.614257 sending message 105 to peer 0x55fe7513d8e0 (29 bytes)
1744286893.614263 sending message 105 to peer 0x55fe7513d8e0 (41 bytes)
1744286893.614270 sending message 105 to peer 0x55fe7513d8e0 (48 bytes)
1744286893.614276 sending message 105 to peer 0x55fe7513d8e0 (19 bytes)
1744286893.614283 sending message 105 to peer 0x55fe7513d8e0 (37 bytes)
1744286893.614289 sending message 105 to peer 0x55fe7513d8e0 (19 bytes)
1744286893.614296 sending message 105 to peer 0x55fe7513d8e0 (20 bytes)
1744286893.614303 sending message 105 to peer 0x55fe7513d8e0 (24 bytes)
1744286893.614310 sending message 105 to peer 0x55fe7513d8e0 (52 bytes)
1744286893.614317 sending message 105 to peer 0x55fe7513d8e0 (11 bytes)
1744286893.614323 sending message 105 to peer 0x55fe7513d8e0 (15 bytes)
1744286893.614332 sending message 105 to peer 0x55fe7513d8e0 (35 bytes)
1744286893.614339 sending message 105 to peer 0x55fe7513d8e0 (47 bytes)
1744286893.614346 sending message 105 to peer 0x55fe7513d8e0 (206 bytes)
1744286893.614353 sending message 105 to peer 0x55fe7513d8e0 (27 bytes)
1744286893.614359 sending message 105 to peer 0x55fe7513d8e0 (26 bytes)
1744286893.614366 sending message 105 to peer 0x55fe7513d8e0 (11 bytes)
1744286893.614379 sending message 105 to peer 0x55fe7513d8e0 (8 bytes)
1744286893.614387 sending message 105 to peer 0x55fe7513d8e0 (32 bytes)
1744286893.614394 sending message 105 to peer 0x55fe7513d8e0 (1817 bytes)
1744286893.614424 sending message 105 to peer 0x55fe7513d8e0 (10 bytes)
1744286893.614432 sending message 105 to peer 0x55fe7513d8e0 (25 bytes)
1744286893.614439 sending message 105 to peer 0x55fe7513d8e0 (24 bytes)
1744286893.614445 sending message 105 to peer 0x55fe7513d8e0 (16 bytes)
1744286893.614453 sending message 105 to peer 0x55fe7513d8e0 (51 bytes)
1744286893.614459 sending message 105 to peer 0x55fe7513d8e0 (60 bytes)
1744286893.614466 sending message 105 to peer 0x55fe7513d8e0 (12 bytes)
1744286893.614472 sending message 105 to peer 0x55fe7513d8e0 (21 bytes)
1744286893.614479 sending message 105 to peer 0x55fe7513d8e0 (16 bytes)
1744286893.614486 sending message 106 to peer 0x55fe7513d8e0 (0 bytes)
1744286893.614567 sending message 200 to peer 0x55fe7513d8e0 (4 bytes)
1744286893.614578 client loop enter
1744286893.614604 client_signal: Child exited
1744286893.770450 peer 0x55fe7513d8e0 message 207
1744286893.770489 sending message 208 to peer 0x55fe7513d8e0 (0 bytes)
1744286902.499540 peer 0x55fe7513d8e0 message 201
1744286902.499604 sending message 205 to peer 0x55fe7513d8e0 (0 bytes)
1744286902.501267 peer 0x55fe7513d8e0 message 204
1744286902.501320 client loop exit
